<?xml version="1.0" encoding="UTF-8"?>
<testsuite name="com.intellij.book.springboot.web.IndexControllerTest" tests="1" skipped="0" failures="0" errors="0" timestamp="2021-02-10T17:10:51" hostname="NONEMANNER" time="0.142">
  <properties/>
  <testcase name="메인페이지_로딩" classname="com.intellij.book.springboot.web.IndexControllerTest" time="0.142"/>
  <system-out><![CDATA[2021-02-11 02:10:49.501  INFO 19756 --- [    Test worker] .b.t.c.SpringBootTestContextBootstrapper : Neither @ContextConfiguration nor @ContextHierarchy found for test class [com.intellij.book.springboot.web.IndexControllerTest], using SpringBootContextLoader
2021-02-11 02:10:49.501  INFO 19756 --- [    Test worker] o.s.t.c.support.AbstractContextLoader    : Could not detect default resource locations for test class [com.intellij.book.springboot.web.IndexControllerTest]: no resource found for suffixes {-context.xml, Context.groovy}.
2021-02-11 02:10:49.501  INFO 19756 --- [    Test worker] t.c.s.AnnotationConfigContextLoaderUtils : Could not detect default configuration classes for test class [com.intellij.book.springboot.web.IndexControllerTest]: IndexControllerTest does not declare any static, non-private, non-final, nested classes annotated with @Configuration.
2021-02-11 02:10:49.503  INFO 19756 --- [    Test worker] .b.t.c.SpringBootTestContextBootstrapper : Found @SpringBootConfiguration com.intellij.book.springboot.Application for test class com.intellij.book.springboot.web.IndexControllerTest
2021-02-11 02:10:49.504  INFO 19756 --- [    Test worker] .b.t.c.SpringBootTestContextBootstrapper : Loaded default TestExecutionListener class names from location [META-INF/spring.factories]: [org.springframework.security.test.context.support.WithSecurityContextTestExecutionListener, org.springframework.security.test.context.support.ReactorContextTestExecutionListener, org.springframework.boot.test.autoconfigure.restdocs.RestDocsTestExecutionListener, org.springframework.boot.test.autoconfigure.web.client.MockRestServiceServerResetTestExecutionListener, org.springframework.boot.test.autoconfigure.web.servlet.MockMvcPrintOnlyOnFailureTestExecutionListener, org.springframework.boot.test.autoconfigure.web.servlet.WebDriverTestExecutionListener, org.springframework.boot.test.mock.mockito.MockitoTestExecutionListener, org.springframework.boot.test.mock.mockito.ResetMocksTestExecutionListener, org.springframework.test.context.web.ServletTestExecutionListener, org.springframework.test.context.support.DirtiesContextBeforeModesTestExecutionListener, org.springframework.test.context.support.DependencyInjectionTestExecutionListener, org.springframework.test.context.support.DirtiesContextTestExecutionListener, org.springframework.test.context.transaction.TransactionalTestExecutionListener, org.springframework.test.context.jdbc.SqlScriptsTestExecutionListener]
2021-02-11 02:10:49.505  INFO 19756 --- [    Test worker] .b.t.c.SpringBootTestContextBootstrapper : Using TestExecutionListeners: [org.springframework.test.context.web.ServletTestExecutionListener@719293b9, org.springframework.test.context.support.DirtiesContextBeforeModesTestExecutionListener@400ff36d, org.springframework.boot.test.mock.mockito.MockitoTestExecutionListener@4c63fa04, org.springframework.boot.test.autoconfigure.SpringBootDependencyInjectionTestExecutionListener@67cdeabe, org.springframework.test.context.support.DirtiesContextTestExecutionListener@2a7b2a5, org.springframework.test.context.transaction.TransactionalTestExecutionListener@3d8cbd07, org.springframework.test.context.jdbc.SqlScriptsTestExecutionListener@6e6cc368, org.springframework.security.test.context.support.WithSecurityContextTestExecutionListener@66fc5c01, org.springframework.security.test.context.support.ReactorContextTestExecutionListener@59f1e8e1, org.springframework.boot.test.autoconfigure.restdocs.RestDocsTestExecutionListener@14d125d, org.springframework.boot.test.autoconfigure.web.client.MockRestServiceServerResetTestExecutionListener@9b2e69f, org.springframework.boot.test.autoconfigure.web.servlet.MockMvcPrintOnlyOnFailureTestExecutionListener@daabffc, org.springframework.boot.test.autoconfigure.web.servlet.WebDriverTestExecutionListener@5b4af848, org.springframework.boot.test.mock.mockito.ResetMocksTestExecutionListener@32fcc686]

  .   ____          _            __ _ _
 /\\ / ___'_ __ _ _(_)_ __  __ _ \ \ \ \
( ( )\___ | '_ | '_| | '_ \/ _` | \ \ \ \
 \\/  ___)| |_)| | | | | || (_| |  ) ) ) )
  '  |____| .__|_| |_|_| |_\__, | / / / /
 =========|_|==============|___/=/_/_/_/
 :: Spring Boot ::        (v2.1.7.RELEASE)

2021-02-11 02:10:49.527  INFO 19756 --- [    Test worker] c.i.b.s.web.IndexControllerTest          : Starting IndexControllerTest on NONEMANNER with PID 19756 (started by saema in D:\workspace\awsProject)
2021-02-11 02:10:49.527  INFO 19756 --- [    Test worker] c.i.b.s.web.IndexControllerTest          : No active profile set, falling back to default profiles: default
2021-02-11 02:10:49.718  INFO 19756 --- [    Test worker] .s.d.r.c.RepositoryConfigurationDelegate : Bootstrapping Spring Data repositories in DEFAULT mode.
2021-02-11 02:10:49.733  INFO 19756 --- [    Test worker] .s.d.r.c.RepositoryConfigurationDelegate : Finished Spring Data repository scanning in 15ms. Found 2 repository interfaces.
2021-02-11 02:10:49.815  INFO 19756 --- [    Test worker] trationDelegate$BeanPostProcessorChecker : Bean 'org.springframework.transaction.annotation.ProxyTransactionManagementConfiguration' of type [org.springframework.transaction.annotation.ProxyTransactionManagementConfiguration$$EnhancerBySpringCGLIB$$47e17e2c] is not eligible for getting processed by all BeanPostProcessors (for example: not eligible for auto-proxying)
2021-02-11 02:10:50.013  INFO 19756 --- [    Test worker] o.s.b.w.embedded.tomcat.TomcatWebServer  : Tomcat initialized with port(s): 0 (http)
2021-02-11 02:10:50.040  INFO 19756 --- [    Test worker] o.apache.catalina.core.StandardService   : Starting service [Tomcat]
2021-02-11 02:10:50.041  INFO 19756 --- [    Test worker] org.apache.catalina.core.StandardEngine  : Starting Servlet engine: [Apache Tomcat/9.0.22]
2021-02-11 02:10:50.172  INFO 19756 --- [    Test worker] o.a.c.c.C.[Tomcat].[localhost].[/]       : Initializing Spring embedded WebApplicationContext
2021-02-11 02:10:50.172  INFO 19756 --- [    Test worker] o.s.web.context.ContextLoader            : Root WebApplicationContext: initialization completed in 643 ms
2021-02-11 02:10:50.348  INFO 19756 --- [    Test worker] com.zaxxer.hikari.HikariDataSource       : HikariPool-2 - Starting...
2021-02-11 02:10:50.349  INFO 19756 --- [    Test worker] com.zaxxer.hikari.HikariDataSource       : HikariPool-2 - Start completed.
2021-02-11 02:10:50.375  INFO 19756 --- [    Test worker] o.hibernate.jpa.internal.util.LogHelper  : HHH000204: Processing PersistenceUnitInfo [
	name: default
	...]
2021-02-11 02:10:50.380  INFO 19756 --- [    Test worker] org.hibernate.dialect.Dialect            : HHH000400: Using dialect: org.hibernate.dialect.MySQL5InnoDBDialect
Hibernate: drop table if exists posts
Hibernate: drop table if exists user
Hibernate: create table posts (id bigint not null auto_increment, created_date datetime, modified_date datetime, author varchar(255), content TEXT not null, title varchar(500) not null, primary key (id)) engine=InnoDB
Hibernate: create table user (id bigint not null auto_increment, created_date datetime, modified_date datetime, email varchar(255) not null, name varchar(255) not null, picture varchar(255), role varchar(255) not null, primary key (id)) engine=InnoDB
2021-02-11 02:10:50.422  INFO 19756 --- [    Test worker] o.h.t.schema.internal.SchemaCreatorImpl  : HHH000476: Executing import script 'org.hibernate.tool.schema.internal.exec.ScriptSourceInputNonExistentImpl@7e1becea'
2021-02-11 02:10:50.422  INFO 19756 --- [    Test worker] j.LocalContainerEntityManagerFactoryBean : Initialized JPA EntityManagerFactory for persistence unit 'default'
2021-02-11 02:10:50.665  INFO 19756 --- [    Test worker] o.h.h.i.QueryTranslatorFactoryInitiator  : HHH000397: Using ASTQueryTranslatorFactory
2021-02-11 02:10:50.790  INFO 19756 --- [    Test worker] o.s.s.web.DefaultSecurityFilterChain     : Creating filter chain: any request, [org.springframework.security.web.context.request.async.WebAsyncManagerIntegrationFilter@6a5ef6cf, org.springframework.security.web.context.SecurityContextPersistenceFilter@24484e87, org.springframework.security.web.header.HeaderWriterFilter@5fb1b3b8, org.springframework.security.web.authentication.logout.LogoutFilter@11aaa41b, org.springframework.security.oauth2.client.web.OAuth2AuthorizationRequestRedirectFilter@1dfc8428, org.springframework.security.oauth2.client.web.OAuth2LoginAuthenticationFilter@6569eb73, org.springframework.security.web.authentication.ui.DefaultLoginPageGeneratingFilter@77f0e014, org.springframework.security.web.authentication.ui.DefaultLogoutPageGeneratingFilter@3192c77c, org.springframework.security.web.savedrequest.RequestCacheAwareFilter@4d323aea, org.springframework.security.web.servletapi.SecurityContextHolderAwareRequestFilter@1fcc6c87, org.springframework.security.web.authentication.AnonymousAuthenticationFilter@4836d8a2, org.springframework.security.web.session.SessionManagementFilter@2cd4321, org.springframework.security.web.access.ExceptionTranslationFilter@13cf5b87, org.springframework.security.web.access.intercept.FilterSecurityInterceptor@120923c3]
2021-02-11 02:10:50.936  INFO 19756 --- [    Test worker] o.s.s.concurrent.ThreadPoolTaskExecutor  : Initializing ExecutorService 'applicationTaskExecutor'
2021-02-11 02:10:50.946  WARN 19756 --- [    Test worker] aWebConfiguration$JpaWebMvcConfiguration : spring.jpa.open-in-view is enabled by default. Therefore, database queries may be performed during view rendering. Explicitly configure spring.jpa.open-in-view to disable this warning
2021-02-11 02:10:50.969  INFO 19756 --- [    Test worker] o.s.b.a.w.s.WelcomePageHandlerMapping    : Adding welcome page template: index
2021-02-11 02:10:51.174  INFO 19756 --- [    Test worker] s.a.ScheduledAnnotationBeanPostProcessor : No TaskScheduler/ScheduledExecutorService bean found for scheduled processing
2021-02-11 02:10:51.189  INFO 19756 --- [    Test worker] o.s.b.w.embedded.tomcat.TomcatWebServer  : Tomcat started on port(s): 14464 (http) with context path ''
2021-02-11 02:10:51.190  INFO 19756 --- [    Test worker] c.i.b.s.web.IndexControllerTest          : Started IndexControllerTest in 1.684 seconds (JVM running for 8.648)
2021-02-11 02:10:51.261  INFO 19756 --- [o-auto-1-exec-1] o.a.c.c.C.[Tomcat].[localhost].[/]       : Initializing Spring DispatcherServlet 'dispatcherServlet'
2021-02-11 02:10:51.261  INFO 19756 --- [o-auto-1-exec-1] o.s.web.servlet.DispatcherServlet        : Initializing Servlet 'dispatcherServlet'
2021-02-11 02:10:51.276  INFO 19756 --- [o-auto-1-exec-1] o.s.web.servlet.DispatcherServlet        : Completed initialization in 14 ms
Hibernate: select posts0_.id as id1_0_, posts0_.created_date as created_2_0_, posts0_.modified_date as modified3_0_, posts0_.author as author4_0_, posts0_.content as content5_0_, posts0_.title as title6_0_ from posts posts0_ order by posts0_.id DESC
]]></system-out>
  <system-err><![CDATA[]]></system-err>
</testsuite>
